<?xml version="1.0" encoding="UTF-8"?>
<testng-results ignored="0" total="3" passed="3" failed="0" skipped="0">
  <reporter-output>
  </reporter-output>
  <suite started-at="2023-04-08T19:13:54 IST" name="UI-test" finished-at="2023-04-08T19:14:42 IST" duration-ms="48759">
    <groups>
      <group name="Dropdown">
        <method signature="HomePage.handleDropDown()[pri:0, instance:com.testcases.HomePage@7205765b]" name="handleDropDown" class="com.testcases.HomePage"/>
      </group> <!-- Dropdown -->
      <group name="Regression">
        <method signature="HomePage.handleDropDown()[pri:0, instance:com.testcases.HomePage@7205765b]" name="handleDropDown" class="com.testcases.HomePage"/>
        <method signature="HomePage.validateHomePage()[pri:0, instance:com.testcases.HomePage@7205765b]" name="validateHomePage" class="com.testcases.HomePage"/>
        <method signature="HomePage.validateHomePage2()[pri:0, instance:com.testcases.HomePage@7205765b]" name="validateHomePage2" class="com.testcases.HomePage"/>
      </group> <!-- Regression -->
      <group name="validate search box">
        <method signature="HomePage.validateHomePage2()[pri:0, instance:com.testcases.HomePage@7205765b]" name="validateHomePage2" class="com.testcases.HomePage"/>
      </group> <!-- validate search box -->
      <group name="validateSearchBox">
        <method signature="HomePage.validateHomePage()[pri:0, instance:com.testcases.HomePage@7205765b]" name="validateHomePage" class="com.testcases.HomePage"/>
      </group> <!-- validateSearchBox -->
      <group name="Phase1">
        <method signature="HomePage.handleDropDown()[pri:0, instance:com.testcases.HomePage@7205765b]" name="handleDropDown" class="com.testcases.HomePage"/>
        <method signature="HomePage.validateHomePage()[pri:0, instance:com.testcases.HomePage@7205765b]" name="validateHomePage" class="com.testcases.HomePage"/>
        <method signature="HomePage.validateHomePage2()[pri:0, instance:com.testcases.HomePage@7205765b]" name="validateHomePage2" class="com.testcases.HomePage"/>
      </group> <!-- Phase1 -->
    </groups>
    <test started-at="2023-04-08T19:13:54 IST" name="Test" finished-at="2023-04-08T19:14:42 IST" duration-ms="48759">
      <class name="com.testcases.HomePage">
        <test-method is-config="true" signature="launchApplication(java.lang.String,java.lang.String)[pri:0, instance:com.testcases.HomePage@7205765b]" started-at="2023-04-08T19:13:54 IST" name="launchApplication" finished-at="2023-04-08T19:14:25 IST" duration-ms="30492" status="PASS">
          <params>
            <param index="0">
              <value>
                <![CDATA[chrome]]>
              </value>
            </param>
            <param index="1">
              <value>
                <![CDATA[DEV_URL]]>
              </value>
            </param>
          </params>
          <reporter-output>
          </reporter-output>
        </test-method> <!-- launchApplication -->
        <test-method is-config="true" signature="launchApplication(java.lang.String,java.lang.String)[pri:0, instance:com.testcases.HomePage@7205765b]" started-at="2023-04-08T19:13:54 IST" name="launchApplication" finished-at="2023-04-08T19:14:27 IST" duration-ms="32819" status="PASS">
          <params>
            <param index="0">
              <value>
                <![CDATA[chrome]]>
              </value>
            </param>
            <param index="1">
              <value>
                <![CDATA[DEV_URL]]>
              </value>
            </param>
          </params>
          <reporter-output>
          </reporter-output>
        </test-method> <!-- launchApplication -->
        <test-method is-config="true" signature="launchApplication(java.lang.String,java.lang.String)[pri:0, instance:com.testcases.HomePage@7205765b]" started-at="2023-04-08T19:13:54 IST" name="launchApplication" finished-at="2023-04-08T19:14:27 IST" duration-ms="32791" status="PASS">
          <params>
            <param index="0">
              <value>
                <![CDATA[chrome]]>
              </value>
            </param>
            <param index="1">
              <value>
                <![CDATA[DEV_URL]]>
              </value>
            </param>
          </params>
          <reporter-output>
          </reporter-output>
        </test-method> <!-- launchApplication -->
        <test-method signature="handleDropDown()[pri:0, instance:com.testcases.HomePage@7205765b]" started-at="2023-04-08T19:14:25 IST" name="handleDropDown" description="validating home page dropdown" finished-at="2023-04-08T19:14:26 IST" duration-ms="1034" status="PASS">
          <reporter-output>
          </reporter-output>
        </test-method> <!-- handleDropDown -->
        <test-method signature="validateHomePage2()[pri:0, instance:com.testcases.HomePage@7205765b]" started-at="2023-04-08T19:14:27 IST" name="validateHomePage2" description="validating home page element" finished-at="2023-04-08T19:14:41 IST" duration-ms="13485" status="PASS">
          <reporter-output>
          </reporter-output>
        </test-method> <!-- validateHomePage2 -->
        <test-method signature="validateHomePage()[pri:0, instance:com.testcases.HomePage@7205765b]" started-at="2023-04-08T19:14:27 IST" name="validateHomePage" description="validating home page element" finished-at="2023-04-08T19:14:41 IST" duration-ms="14173" status="PASS">
          <reporter-output>
          </reporter-output>
        </test-method> <!-- validateHomePage -->
        <test-method is-config="true" signature="tearDown()[pri:0, instance:com.testcases.HomePage@7205765b]" started-at="2023-04-08T19:14:30 IST" name="tearDown" finished-at="2023-04-08T19:14:33 IST" duration-ms="2427" status="PASS">
          <reporter-output>
          </reporter-output>
        </test-method> <!-- tearDown -->
        <test-method is-config="true" signature="tearDown()[pri:0, instance:com.testcases.HomePage@7205765b]" started-at="2023-04-08T19:14:41 IST" name="tearDown" finished-at="2023-04-08T19:14:42 IST" duration-ms="702" status="PASS">
          <reporter-output>
          </reporter-output>
        </test-method> <!-- tearDown -->
        <test-method is-config="true" signature="tearDown()[pri:0, instance:com.testcases.HomePage@7205765b]" started-at="2023-04-08T19:14:42 IST" name="tearDown" finished-at="2023-04-08T19:14:42 IST" duration-ms="215" status="PASS">
          <reporter-output>
          </reporter-output>
        </test-method> <!-- tearDown -->
      </class> <!-- com.testcases.HomePage -->
    </test> <!-- Test -->
  </suite> <!-- UI-test -->
</testng-results>
