<?xml version="1.0" encoding="UTF-8"?>
<testng-results ignored="0" total="2" passed="2" failed="0" skipped="0">
  <reporter-output>
  </reporter-output>
  <suite started-at="2023-04-07T13:13:56 IST" name="UI-test" finished-at="2023-04-07T13:14:33 IST" duration-ms="37589">
    <groups>
      <group name="Regression">
        <method signature="HomePage.validateHomePage()[pri:0, instance:com.testcases.HomePage@741a8937]" name="validateHomePage" class="com.testcases.HomePage"/>
        <method signature="HomePage.validateHomePage2()[pri:0, instance:com.testcases.HomePage@741a8937]" name="validateHomePage2" class="com.testcases.HomePage"/>
      </group> <!-- Regression -->
      <group name="validate search box">
        <method signature="HomePage.validateHomePage2()[pri:0, instance:com.testcases.HomePage@741a8937]" name="validateHomePage2" class="com.testcases.HomePage"/>
      </group> <!-- validate search box -->
      <group name="validateSearchBox">
        <method signature="HomePage.validateHomePage()[pri:0, instance:com.testcases.HomePage@741a8937]" name="validateHomePage" class="com.testcases.HomePage"/>
      </group> <!-- validateSearchBox -->
      <group name="Phase1">
        <method signature="HomePage.validateHomePage()[pri:0, instance:com.testcases.HomePage@741a8937]" name="validateHomePage" class="com.testcases.HomePage"/>
        <method signature="HomePage.validateHomePage2()[pri:0, instance:com.testcases.HomePage@741a8937]" name="validateHomePage2" class="com.testcases.HomePage"/>
      </group> <!-- Phase1 -->
    </groups>
    <test started-at="2023-04-07T13:13:56 IST" name="Test" finished-at="2023-04-07T13:14:33 IST" duration-ms="37589">
      <class name="com.testcases.HomePage">
        <test-method is-config="true" signature="launchApplication(java.lang.String,java.lang.String)[pri:0, instance:com.testcases.HomePage@741a8937]" started-at="2023-04-07T13:13:57 IST" name="launchApplication" finished-at="2023-04-07T13:14:18 IST" duration-ms="21847" status="PASS">
          <params>
            <param index="0">
              <value>
                <![CDATA[chrome]]>
              </value>
            </param>
            <param index="1">
              <value>
                <![CDATA[DEV_URL]]>
              </value>
            </param>
          </params>
          <reporter-output>
          </reporter-output>
        </test-method> <!-- launchApplication -->
        <test-method is-config="true" signature="launchApplication(java.lang.String,java.lang.String)[pri:0, instance:com.testcases.HomePage@741a8937]" started-at="2023-04-07T13:13:57 IST" name="launchApplication" finished-at="2023-04-07T13:14:18 IST" duration-ms="21945" status="PASS">
          <params>
            <param index="0">
              <value>
                <![CDATA[chrome]]>
              </value>
            </param>
            <param index="1">
              <value>
                <![CDATA[DEV_URL]]>
              </value>
            </param>
          </params>
          <reporter-output>
          </reporter-output>
        </test-method> <!-- launchApplication -->
        <test-method signature="validateHomePage2()[pri:0, instance:com.testcases.HomePage@741a8937]" started-at="2023-04-07T13:14:18 IST" name="validateHomePage2" description="validating home page element" finished-at="2023-04-07T13:14:32 IST" duration-ms="13726" status="PASS">
          <reporter-output>
          </reporter-output>
        </test-method> <!-- validateHomePage2 -->
        <test-method signature="validateHomePage()[pri:0, instance:com.testcases.HomePage@741a8937]" started-at="2023-04-07T13:14:19 IST" name="validateHomePage" description="validating home page element" finished-at="2023-04-07T13:14:30 IST" duration-ms="11735" status="PASS">
          <reporter-output>
          </reporter-output>
        </test-method> <!-- validateHomePage -->
        <test-method is-config="true" signature="tearDown()[pri:0, instance:com.testcases.HomePage@741a8937]" started-at="2023-04-07T13:14:31 IST" name="tearDown" finished-at="2023-04-07T13:14:33 IST" duration-ms="2171" status="PASS">
          <reporter-output>
          </reporter-output>
        </test-method> <!-- tearDown -->
        <test-method is-config="true" signature="tearDown()[pri:0, instance:com.testcases.HomePage@741a8937]" started-at="2023-04-07T13:14:33 IST" name="tearDown" finished-at="2023-04-07T13:14:33 IST" duration-ms="628" status="PASS">
          <reporter-output>
          </reporter-output>
        </test-method> <!-- tearDown -->
      </class> <!-- com.testcases.HomePage -->
    </test> <!-- Test -->
  </suite> <!-- UI-test -->
</testng-results>
