<?xml version="1.0" encoding="UTF-8"?>
<!-- Generated by org.testng.reporters.JUnitXMLReporter -->
<testsuite ignored="0" hostname="DESKTOP-V31BIB8" failures="0" tests="3" name="Test" time="48.759" errors="0" timestamp="2023-04-08T19:14:43 IST">
  <testcase classname="com.testcases.HomePage" name="handleDropDown" time="1.034"/>
  <testcase classname="com.testcases.HomePage" name="validateHomePage2" time="13.485"/>
  <testcase classname="com.testcases.HomePage" name="validateHomePage" time="14.173"/>
</testsuite> <!-- Test -->
